TN:
SF:src\components\Form\Button\index.tsx
FN:9,Button
FNF:1
FNH:1
FNDA:3,Button
DA:10,3
LF:1
LH:1
BRF:0
BRH:0
end_of_record
TN:
SF:src\components\Form\CategorySelectButton\index.tsx
FN:10,CategorySelectButton
FNF:1
FNH:1
FNDA:2,CategorySelectButton
DA:15,2
LF:1
LH:1
BRF:0
BRH:0
end_of_record
TN:
SF:src\components\Form\Input\index.tsx
FN:10,Input
FNF:1
FNH:1
FNDA:5,Input
DA:11,5
LF:1
LH:1
BRDA:10,0,0,4
BRF:1
BRH:1
end_of_record
TN:
SF:src\components\Form\InputForm\index.tsx
FN:13,InputForm
FN:24,(anonymous_1)
FNF:2
FNH:2
FNDA:4,InputForm
FNDA:4,(anonymous_1)
DA:19,4
DA:25,4
LF:2
LH:2
BRDA:32,0,0,4
BRDA:32,0,1,0
BRF:2
BRH:1
end_of_record
TN:
SF:src\components\Form\TransactionTypeButton\index.tsx
FN:16,TransactionTypeButton
FNF:1
FNH:1
FNDA:4,TransactionTypeButton
DA:11,1
DA:22,4
LF:2
LH:2
BRF:0
BRH:0
end_of_record
TN:
SF:src\components\HighlightCard\index.tsx
FN:17,HighlightCard
FNF:1
FNH:0
FNDA:0,HighlightCard
DA:11,0
DA:23,0
LF:2
LH:0
BRF:0
BRH:0
end_of_record
TN:
SF:src\components\HistoryCard\index.tsx
FN:10,HistoryCard
FNF:1
FNH:0
FNDA:0,HistoryCard
DA:15,0
LF:1
LH:0
BRF:0
BRH:0
end_of_record
TN:
SF:src\components\SignInSocialButton\index.tsx
FN:11,SignInSocialButton
FNF:1
FNH:0
FNDA:0,SignInSocialButton
DA:16,0
LF:1
LH:0
BRF:0
BRH:0
end_of_record
TN:
SF:src\components\TransactionCard\index.tsx
FN:22,TransactionCard
FN:26,(anonymous_1)
FNF:2
FNH:0
FNDA:0,TransactionCard
FNDA:0,(anonymous_1)
DA:25,0
DA:26,0
DA:29,0
LF:3
LH:0
BRDA:34,0,0,0
BRDA:34,0,1,0
BRF:2
BRH:0
end_of_record
TN:
SF:src\hooks\auth.tsx
FN:37,AuthContextProvider
FN:42,signInWithGoogle
FN:71,signInWithApple
FN:99,signOut
FN:104,(anonymous_4)
FN:105,loadUserFromStorage
FN:126,useAuth
FNF:7
FNH:5
FNDA:3,AuthContextProvider
FNDA:1,signInWithGoogle
FNDA:0,signInWithApple
FNDA:0,signOut
FNDA:1,(anonymous_4)
FNDA:1,loadUserFromStorage
FNDA:5,useAuth
DA:10,2
DA:11,2
DA:35,2
DA:38,3
DA:39,3
DA:40,3
DA:43,1
DA:44,1
DA:45,1
DA:47,1
DA:49,1
DA:51,1
DA:52,1
DA:53,1
DA:55,1
DA:62,1
DA:63,1
DA:67,0
DA:72,0
DA:73,0
DA:80,0
DA:81,0
DA:82,0
DA:89,0
DA:90,0
DA:95,0
DA:100,0
DA:101,0
DA:104,3
DA:106,1
DA:108,1
DA:109,0
DA:110,0
DA:113,1
DA:116,1
DA:119,3
DA:127,5
LF:37
LH:24
BRDA:51,0,0,1
BRDA:51,0,1,0
BRDA:80,1,0,0
BRDA:80,1,1,0
BRDA:108,2,0,0
BRDA:108,2,1,1
BRF:6
BRH:2
end_of_record
TN:
SF:src\routes\app.routes.tsx
FN:12,AppRoutes
FN:32,(anonymous_1)
FN:46,(anonymous_2)
FN:60,(anonymous_3)
FNF:4
FNH:0
FNDA:0,AppRoutes
FNDA:0,(anonymous_1)
FNDA:0,(anonymous_2)
FNDA:0,(anonymous_3)
DA:10,0
DA:13,0
DA:14,0
DA:34,0
DA:48,0
DA:62,0
LF:6
LH:0
BRDA:24,0,0,0
BRDA:24,0,1,0
BRF:2
BRH:0
end_of_record
TN:
SF:src\routes\auth.routes.tsx
FN:8,AuthRoutes
FNF:1
FNH:0
FNDA:0,AuthRoutes
DA:6,0
DA:9,0
LF:2
LH:0
BRF:0
BRH:0
end_of_record
TN:
SF:src\routes\index.tsx
FN:8,Routes
FNF:1
FNH:0
FNDA:0,Routes
DA:9,0
DA:11,0
LF:2
LH:0
BRDA:13,0,0,0
BRDA:13,0,1,0
BRF:2
BRH:0
end_of_record
TN:
SF:src\screens\CategorySelect\index.tsx
FN:18,CategorySelect
FN:24,handleCategorySelect
FN:36,(anonymous_2)
FN:37,(anonymous_3)
FN:39,(anonymous_4)
FN:46,(anonymous_5)
FNF:6
FNH:4
FNDA:1,CategorySelect
FNDA:0,handleCategorySelect
FNDA:6,(anonymous_2)
FNDA:6,(anonymous_3)
FNDA:0,(anonymous_4)
FNDA:5,(anonymous_5)
DA:25,0
DA:27,1
DA:36,6
DA:38,6
DA:39,0
DA:46,5
LF:6
LH:4
BRF:0
BRH:0
end_of_record
TN:
SF:src\screens\Dashboard\index.tsx
FN:27,Dashboard
FN:36,getLastTransactionDate
FN:41,(anonymous_2)
FN:48,(anonymous_3)
FN:53,loadTransaction
FN:61,(anonymous_5)
FN:129,(anonymous_6)
FN:133,(anonymous_7)
FN:188,(anonymous_8)
FN:189,(anonymous_9)
FNF:10
FNH:0
FNDA:0,Dashboard
FNDA:0,getLastTransactionDate
FNDA:0,(anonymous_2)
FNDA:0,(anonymous_3)
FNDA:0,loadTransaction
FNDA:0,(anonymous_5)
FNDA:0,(anonymous_6)
FNDA:0,(anonymous_7)
FNDA:0,(anonymous_8)
FNDA:0,(anonymous_9)
DA:28,0
DA:29,0
DA:30,0
DA:32,0
DA:33,0
DA:34,0
DA:40,0
DA:41,0
DA:43,0
DA:44,0
DA:47,0
DA:48,0
DA:50,0
DA:54,0
DA:55,0
DA:57,0
DA:58,0
DA:60,0
DA:63,0
DA:64,0
DA:66,0
DA:69,0
DA:74,0
DA:80,0
DA:90,0
DA:92,0
DA:93,0
DA:94,0
DA:98,0
DA:126,0
DA:129,0
DA:130,0
DA:133,0
DA:134,0
DA:137,0
DA:188,0
DA:189,0
LF:37
LH:0
BRDA:43,0,0,0
BRDA:43,0,1,0
BRDA:55,1,0,0
BRDA:55,1,1,0
BRDA:63,2,0,0
BRDA:63,2,1,0
BRDA:94,3,0,0
BRDA:94,3,1,0
BRDA:104,4,0,0
BRDA:104,4,1,0
BRDA:113,5,0,0
BRDA:113,5,1,0
BRDA:140,6,0,0
BRDA:140,6,1,0
BRF:14
BRH:0
end_of_record
TN:
SF:src\screens\Profile\index.tsx
FN:4,(anonymous_0)
FN:27,(anonymous_1)
FNF:2
FNH:1
FNDA:3,(anonymous_0)
FNDA:0,(anonymous_1)
DA:4,1
DA:5,3
LF:2
LH:2
BRF:0
BRH:0
end_of_record
TN:
SF:src\screens\Register\index.tsx
FN:33,Register
FN:53,handlTransactionTypeSelect
FN:57,handleCloseSelectCategoryModal
FN:61,handleOpenSelectCategoryModal
FN:65,handleRegister
FN:141,(anonymous_5)
FN:147,(anonymous_6)
FNF:7
FNH:2
FNDA:2,Register
FNDA:0,handlTransactionTypeSelect
FNDA:0,handleCloseSelectCategoryModal
FNDA:1,handleOpenSelectCategoryModal
FNDA:0,handleRegister
FNDA:0,(anonymous_5)
FNDA:0,(anonymous_6)
DA:25,1
DA:34,2
DA:35,2
DA:36,2
DA:40,2
DA:47,2
DA:54,0
DA:58,0
DA:62,1
DA:66,0
DA:67,0
DA:70,0
DA:71,0
DA:74,0
DA:83,0
DA:84,0
DA:86,0
DA:87,0
DA:89,0
DA:93,0
DA:95,0
DA:96,0
DA:97,0
DA:105,0
DA:106,0
DA:110,2
DA:141,0
DA:147,0
LF:28
LH:8
BRDA:66,0,0,0
BRDA:66,0,1,0
BRDA:70,1,0,0
BRDA:70,1,1,0
BRDA:87,2,0,0
BRDA:87,2,1,0
BRDA:126,3,0,2
BRDA:126,3,1,0
BRDA:133,4,0,2
BRDA:133,4,1,0
BRF:10
BRH:2
end_of_record
TN:
SF:src\screens\Resume\index.tsx
FN:34,Resume
FN:41,handleDateChange
FN:49,loadData
FN:57,(anonymous_3)
FN:63,(anonymous_4)
FN:69,(anonymous_5)
FN:72,(anonymous_6)
FN:101,(anonymous_7)
FN:125,(anonymous_8)
FN:133,(anonymous_9)
FN:141,(anonymous_10)
FN:154,(anonymous_11)
FNF:12
FNH:0
FNDA:0,Resume
FNDA:0,handleDateChange
FNDA:0,loadData
FNDA:0,(anonymous_3)
FNDA:0,(anonymous_4)
FNDA:0,(anonymous_5)
FNDA:0,(anonymous_6)
FNDA:0,(anonymous_7)
FNDA:0,(anonymous_8)
FNDA:0,(anonymous_9)
FNDA:0,(anonymous_10)
FNDA:0,(anonymous_11)
DA:35,0
DA:36,0
DA:37,0
DA:38,0
DA:39,0
DA:42,0
DA:43,0
DA:45,0
DA:50,0
DA:51,0
DA:52,0
DA:53,0
DA:56,0
DA:58,0
DA:63,0
DA:64,0
DA:67,0
DA:69,0
DA:70,0
DA:72,0
DA:73,0
DA:74,0
DA:78,0
DA:79,0
DA:84,0
DA:86,0
DA:97,0
DA:98,0
DA:101,0
DA:102,0
DA:105,0
DA:125,0
DA:133,0
DA:141,0
DA:155,0
LF:35
LH:0
BRDA:42,0,0,0
BRDA:42,0,1,0
BRDA:53,1,0,0
BRDA:53,1,1,0
BRDA:58,2,0,0
BRDA:58,2,1,0
BRDA:58,2,2,0
BRDA:73,3,0,0
BRDA:73,3,1,0
BRDA:78,4,0,0
BRDA:78,4,1,0
BRDA:111,5,0,0
BRDA:111,5,1,0
BRF:13
BRH:0
end_of_record
TN:
SF:src\screens\SignIn\index.tsx
FN:13,SignIn
FN:18,handleSignInWithGoogle
FN:29,handleSignInWithApple
FNF:3
FNH:0
FNDA:0,SignIn
FNDA:0,handleSignInWithGoogle
FNDA:0,handleSignInWithApple
DA:14,0
DA:15,0
DA:16,0
DA:19,0
DA:20,0
DA:21,0
DA:23,0
DA:24,0
DA:25,0
DA:30,0
DA:31,0
DA:32,0
DA:34,0
DA:35,0
DA:36,0
DA:40,0
LF:16
LH:0
BRDA:69,0,0,0
BRDA:69,0,1,0
BRDA:79,1,0,0
BRDA:79,1,1,0
BRF:4
BRH:0
end_of_record
